c:\users\yiwen\downloads\root-gui-master\root-gui-master\root_mesh_viewer\x64\release\moc_glarea.obj
c:\users\yiwen\downloads\root-gui-master\root-gui-master\root_mesh_viewer\x64\release\qrc_mainpage.obj
c:\users\yiwen\downloads\root-gui-master\root-gui-master\root_mesh_viewer\x64\release\moc_mainpage.obj
c:\users\yiwen\downloads\root-gui-master\root-gui-master\root_mesh_viewer\x64\release\glarea.obj
c:\users\yiwen\downloads\root-gui-master\root-gui-master\root_mesh_viewer\x64\release\mainpage.obj
c:\users\yiwen\downloads\root-gui-master\root-gui-master\root_mesh_viewer\x64\release\main.obj
c:\users\yiwen\downloads\root-gui-master\root-gui-master\x64\release\root_mesh_viewer.exe
c:\users\yiwen\downloads\root-gui-master\root-gui-master\root_mesh_viewer\x64\release\moc\moc_mainpage.cpp
c:\users\yiwen\downloads\root-gui-master\root-gui-master\root_mesh_viewer\x64\release\moc\moc_glarea.cpp
c:\users\yiwen\downloads\root-gui-master\root-gui-master\root_mesh_viewer\x64\release\rcc\qrc_mainpage.cpp
c:\users\yiwen\downloads\root-gui-master\root-gui-master\root_mesh_viewer\x64\release\uic\ui_mainpage.h
c:\users\yiwen\downloads\root-gui-master\root-gui-master\root_mesh_viewer\x64\release\root_mesh_viewer.tlog\cl.command.1.tlog
c:\users\yiwen\downloads\root-gui-master\root-gui-master\root_mesh_viewer\x64\release\root_mesh_viewer.tlog\cl.read.1.tlog
c:\users\yiwen\downloads\root-gui-master\root-gui-master\root_mesh_viewer\x64\release\root_mesh_viewer.tlog\cl.write.1.tlog
c:\users\yiwen\downloads\root-gui-master\root-gui-master\root_mesh_viewer\x64\release\root_mesh_viewer.tlog\link.command.1.tlog
c:\users\yiwen\downloads\root-gui-master\root-gui-master\root_mesh_viewer\x64\release\root_mesh_viewer.tlog\link.read.1.tlog
c:\users\yiwen\downloads\root-gui-master\root-gui-master\root_mesh_viewer\x64\release\root_mesh_viewer.tlog\link.write.1.tlog
c:\users\yiwen\downloads\root-gui-master\root-gui-master\root_mesh_viewer\x64\release\root_mesh_viewer.tlog\moc.read.1u.tlog
c:\users\yiwen\downloads\root-gui-master\root-gui-master\root_mesh_viewer\x64\release\root_mesh_viewer.tlog\moc.write.1u.tlog
c:\users\yiwen\downloads\root-gui-master\root-gui-master\root_mesh_viewer\x64\release\root_mesh_viewer.tlog\rcc.read.1u.tlog
c:\users\yiwen\downloads\root-gui-master\root-gui-master\root_mesh_viewer\x64\release\root_mesh_viewer.tlog\rcc.write.1u.tlog
c:\users\yiwen\downloads\root-gui-master\root-gui-master\root_mesh_viewer\x64\release\root_mesh_viewer.tlog\root_mesh_viewer.write.1u.tlog
c:\users\yiwen\downloads\root-gui-master\root-gui-master\root_mesh_viewer\x64\release\root_mesh_viewer.tlog\uic.read.1u.tlog
c:\users\yiwen\downloads\root-gui-master\root-gui-master\root_mesh_viewer\x64\release\root_mesh_viewer.tlog\uic.write.1u.tlog
